(###) main... (4068)(T=0.0000)
Billing Start...  (4068)(T=0.0000)
Start Read Config Files... (4068)(T=0.0000)
Read Config Files...OK! (4068)(T=0.0160)
Start New Managers... (4068)(T=0.0160)
new ServerManager...OK (4068)(T=0.0160)
new PlayerPool...OK (4068)(T=0.0160)
new g_pWebPlayer...OK (4068)(T=0.0160)
new PacketFactoryManager...OK (4068)(T=0.0160)
New Managers...OK! (4068)(T=0.0160)
Start Init Managers... (4068)(T=0.0160)
g_pServerManager->Init()...OK (4068)(T=0.0160)
g_pWebPlayer->Init()...OK (4068)(T=0.0160)
g_pPlayerPool->Init()...OK (4068)(T=0.0160)
g_pPacketFactoryManager->Init()...OK (4068)(T=0.0160)
Init Managers...OK! (4068)(T=0.0160)
Loop... (4068)(T=0.0160)
ERROR: ConnectWebServer( ) WebIP:127.0.0.1 WebPort:9998 WebServerID:1 ...Faile  (4068)(T=1.2640)
Exception: ConnectWebServer (4068)(T=1.2640)
ERROR: ConnectWebServer( ) WebIP:127.0.0.1 WebPort:9998 WebServerID:1 ...Faile  (4068)(T=4.5090)
Exception: ConnectWebServer (4068)(T=4.5090)
ERROR: ConnectWebServer( ) WebIP:127.0.0.1 WebPort:9998 WebServerID:1 ...Faile  (4068)(T=7.7540)
Exception: ConnectWebServer (4068)(T=7.7540)
