Load ConfigInfo.ini ...Only OK!  (416)(T=0.0000)
Load ConfigInfo.ini ...Only OK!  (432)(T=0.0160)
Load ConfigInfo.ini ...Only OK!  (4972)(T=0.0000)
Load ConfigInfo.ini ...Only OK!  (5696)(T=0.0000)
Load ConfigInfo.ini ...ReLoad OK!  (5696)(T=0.0000)
Load ConfigInfo.ini ...Only OK!  (288)(T=0.0000)
Load ConfigInfo.ini ...ReLoad OK!  (288)(T=0.0000)
Load ConfigInfo.ini ...Only OK!  (2908)(T=0.0160)
Load ConfigInfo.ini ...ReLoad OK!  (2908)(T=0.0160)
Load LoginInfo.ini ...Only OK!  (2908)(T=0.0160)
Load LoginInfo.ini ...ReLoad OK!  (2908)(T=0.0160)
Load ConfigInfo.ini ...Only OK!  (1660)(T=0.0000)
Load ConfigInfo.ini ...ReLoad OK!  (1660)(T=0.0000)
Load LoginInfo.ini ...Only OK!  (1660)(T=0.0000)
Load LoginInfo.ini ...ReLoad OK!  (1660)(T=0.0000)
Load WorldInfo.ini ...Only OK!  (1660)(T=0.0000)
Load WorldInfo.ini ...ReLoad OK!  (1660)(T=0.0000)
Load ShareMemInfo.ini ...Only OK!  (1660)(T=0.0160)
Load ConfigInfo.ini ...Only OK!  (3748)(T=0.0160)
Load ConfigInfo.ini ...ReLoad OK!  (3748)(T=0.0160)
Load LoginInfo.ini ...Only OK!  (3748)(T=0.0160)
Load LoginInfo.ini ...ReLoad OK!  (3748)(T=0.0160)
Load WorldInfo.ini ...Only OK!  (3748)(T=0.0160)
Load WorldInfo.ini ...ReLoad OK!  (3748)(T=0.0160)
Load ShareMemInfo.ini ...Only OK!  (3748)(T=0.0160)
Load ConfigInfo.ini ...Only OK!  (3980)(T=0.0000)
Load ConfigInfo.ini ...ReLoad OK!  (3980)(T=0.0000)
Load LoginInfo.ini ...Only OK!  (3980)(T=0.0000)
Load LoginInfo.ini ...ReLoad OK!  (3980)(T=0.0000)
Load WorldInfo.ini ...Only OK!  (3980)(T=0.0000)
Load WorldInfo.ini ...ReLoad OK!  (3980)(T=0.0000)
Load ShareMemInfo.ini ...Only OK!  (3980)(T=0.0000)
Load BillingInfo.ini ...Only OK!  (3980)(T=0.0150)
Load BillingInfo.ini ...ReLoad OK!  (3980)(T=0.0150)
Load ConfigInfo.ini ...Only OK!  (5804)(T=0.0000)
Load ConfigInfo.ini ...ReLoad OK!  (5804)(T=0.0150)
Load LoginInfo.ini ...Only OK!  (5804)(T=0.0150)
Load LoginInfo.ini ...ReLoad OK!  (5804)(T=0.0150)
Load WorldInfo.ini ...Only OK!  (5804)(T=0.0150)
Load WorldInfo.ini ...ReLoad OK!  (5804)(T=0.0150)
Load ShareMemInfo.ini ...Only OK!  (5804)(T=0.0150)
Load BillingInfo.ini ...Only OK!  (5804)(T=0.0150)
Load BillingInfo.ini ...ReLoad OK!  (5804)(T=0.0150)
Load MachineInfo.ini ...Only OK!  (5804)(T=0.0150)
Load MachineInfo.ini ...ReLoad OK!  (5804)(T=0.0150)
Load ServerInfo.ini ...Only OK!  (5804)(T=0.0150)
Load ServerInfo.ini ...ReLoad OK!  (5804)(T=0.0150)
Load ConfigInfo.ini ...Only OK!  (5432)(T=0.0000)
Load ConfigInfo.ini ...ReLoad OK!  (5432)(T=0.0000)
Load LoginInfo.ini ...Only OK!  (5432)(T=0.0000)
Load LoginInfo.ini ...ReLoad OK!  (5432)(T=0.0000)
Load WorldInfo.ini ...Only OK!  (5432)(T=0.0000)
Load WorldInfo.ini ...ReLoad OK!  (5432)(T=0.0160)
Load ShareMemInfo.ini ...Only OK!  (5432)(T=0.0160)
Load BillingInfo.ini ...Only OK!  (5432)(T=0.0160)
Load BillingInfo.ini ...ReLoad OK!  (5432)(T=0.0160)
Load MachineInfo.ini ...Only OK!  (5432)(T=0.0160)
Load MachineInfo.ini ...ReLoad OK!  (5432)(T=0.0160)
Load ServerInfo.ini ...Only OK!  (5432)(T=0.0160)
Load ServerInfo.ini ...ReLoad OK!  (5432)(T=0.0160)
Load SceneInfo.ini ...Only OK!  (5432)(T=0.0160)
Load SceneInfo.ini ...ReLoad OK!  (5432)(T=0.0160)
Load ConfigInfo.ini ...Only OK! Load ConfigInfo.ini ...ReLoad OK! Load LoginInfo.ini ...Only OK! Load LoginInfo.ini ...ReLoad OK! Load WorldInfo.ini ...Only OK! Load WorldInfo.ini ...ReLoad OK! Load ShareMemInfo.ini ...Only OK! Load BillingInfo.ini ...Only OK! Load BillingInfo.ini ...ReLoad OK! Load MachineInfo.ini ...Only OK! Load MachineInfo.ini ...ReLoad OK! Load ServerInfo.ini ...Only OK! Load ServerInfo.ini ...ReLoad OK! Load SceneInfo.ini ...Only OK! Load SceneInfo.ini ...ReLoad OK! Load ConfigInfo.ini ...Only OK!  (3336)(T=0.0150)
Load ConfigInfo.ini ...ReLoad OK!  (3336)(T=0.0150)
Load LoginInfo.ini ...Only OK!  (3336)(T=0.0150)
Load LoginInfo.ini ...ReLoad OK!  (3336)(T=0.0150)
Load WorldInfo.ini ...Only OK!  (3336)(T=0.0150)
Load WorldInfo.ini ...ReLoad OK!  (3336)(T=0.0150)
Load ShareMemInfo.ini ...Only OK!  (3336)(T=0.0150)
Load BillingInfo.ini ...Only OK!  (3336)(T=0.0150)
Load BillingInfo.ini ...ReLoad OK!  (3336)(T=0.0310)
Load MachineInfo.ini ...Only OK!  (3336)(T=0.0310)
Load MachineInfo.ini ...ReLoad OK!  (3336)(T=0.0310)
Load ServerInfo.ini ...Only OK!  (3336)(T=0.0310)
Load ServerInfo.ini ...ReLoad OK!  (3336)(T=0.0310)
Load SceneInfo.ini ...Only OK!  (3336)(T=0.0310)
Load SceneInfo.ini ...ReLoad OK!  (3336)(T=0.0310)
Load ConfigInfo.ini ...Only OK! Load ConfigInfo.ini ...ReLoad OK! Load LoginInfo.ini ...Only OK! Load LoginInfo.ini ...ReLoad OK! Load WorldInfo.ini ...Only OK! Load WorldInfo.ini ...ReLoad OK! Load ShareMemInfo.ini ...Only OK! Load BillingInfo.ini ...Only OK! Load BillingInfo.ini ...ReLoad OK! Load MachineInfo.ini ...Only OK! Load MachineInfo.ini ...ReLoad OK! Load ServerInfo.ini ...Only OK! Load ServerInfo.ini ...ReLoad OK! Load SceneInfo.ini ...Only OK! Load SceneInfo.ini ...ReLoad OK! Load ConfigInfo.ini ...Only OK! Load ConfigInfo.ini ...ReLoad OK! Load LoginInfo.ini ...Only OK! Load LoginInfo.ini ...ReLoad OK! Load WorldInfo.ini ...Only OK! Load WorldInfo.ini ...ReLoad OK! Load ShareMemInfo.ini ...Only OK! Load BillingInfo.ini ...Only OK! Load BillingInfo.ini ...ReLoad OK! Load MachineInfo.ini ...Only OK! Load MachineInfo.ini ...ReLoad OK! Load ServerInfo.ini ...Only OK! Load ServerInfo.ini ...ReLoad OK! Load SceneInfo.ini ...Only OK! Load SceneInfo.ini ...ReLoad OK! Load ConfigInfo.ini ...Only OK!  (3452)(T=0.0000)
Load ConfigInfo.ini ...ReLoad OK!  (3452)(T=0.0000)
Load LoginInfo.ini ...Only OK!  (3452)(T=0.0000)
Load LoginInfo.ini ...ReLoad OK!  (3452)(T=0.0150)
Load WorldInfo.ini ...Only OK!  (3452)(T=0.0150)
Load WorldInfo.ini ...ReLoad OK!  (3452)(T=0.0150)
Load ShareMemInfo.ini ...Only OK!  (3452)(T=0.0150)
Load BillingInfo.ini ...Only OK!  (3452)(T=0.0150)
Load BillingInfo.ini ...ReLoad OK!  (3452)(T=0.0150)
Load MachineInfo.ini ...Only OK!  (3452)(T=0.0150)
Load MachineInfo.ini ...ReLoad OK!  (3452)(T=0.0150)
Load ServerInfo.ini ...Only OK!  (3452)(T=0.0150)
Load ServerInfo.ini ...ReLoad OK!  (3452)(T=0.0310)
Load SceneInfo.ini ...Only OK!  (3452)(T=0.0310)
Load SceneInfo.ini ...ReLoad OK!  (3452)(T=0.0310)
Load ConfigInfo.ini ...Only OK! Load ConfigInfo.ini ...ReLoad OK! Load LoginInfo.ini ...Only OK! Load LoginInfo.ini ...ReLoad OK! Load WorldInfo.ini ...Only OK! Load WorldInfo.ini ...ReLoad OK! Load ShareMemInfo.ini ...Only OK! Load BillingInfo.ini ...Only OK! Load BillingInfo.ini ...ReLoad OK! Load MachineInfo.ini ...Only OK! Load MachineInfo.ini ...ReLoad OK! Load ServerInfo.ini ...Only OK! Load ServerInfo.ini ...ReLoad OK! Load SceneInfo.ini ...Only OK! Load SceneInfo.ini ...ReLoad OK! Load ConfigInfo.ini ...Only OK!  (372)(T=0.0000)
Load ConfigInfo.ini ...ReLoad OK!  (372)(T=0.0000)
Load LoginInfo.ini ...Only OK!  (372)(T=0.0000)
Load LoginInfo.ini ...ReLoad OK!  (372)(T=0.0000)
Load WorldInfo.ini ...Only OK!  (372)(T=0.0160)
Load WorldInfo.ini ...ReLoad OK!  (372)(T=0.0160)
Load ShareMemInfo.ini ...Only OK!  (372)(T=0.0160)
Load BillingInfo.ini ...Only OK!  (372)(T=0.0160)
Load BillingInfo.ini ...ReLoad OK!  (372)(T=0.0160)
Load MachineInfo.ini ...Only OK!  (372)(T=0.0160)
Load MachineInfo.ini ...ReLoad OK!  (372)(T=0.0160)
Load ServerInfo.ini ...Only OK!  (372)(T=0.0160)
Load ServerInfo.ini ...ReLoad OK!  (372)(T=0.0160)
Load SceneInfo.ini ...Only OK!  (372)(T=0.0160)
Load SceneInfo.ini ...ReLoad OK!  (372)(T=0.0320)
Load ConfigInfo.ini ...Only OK! Load ConfigInfo.ini ...ReLoad OK! Load LoginInfo.ini ...Only OK! Load LoginInfo.ini ...ReLoad OK! Load WorldInfo.ini ...Only OK! Load WorldInfo.ini ...ReLoad OK! Load ShareMemInfo.ini ...Only OK! Load BillingInfo.ini ...Only OK! Load BillingInfo.ini ...ReLoad OK! Load MachineInfo.ini ...Only OK! Load MachineInfo.ini ...ReLoad OK! Load ServerInfo.ini ...Only OK! Load ServerInfo.ini ...ReLoad OK! Load SceneInfo.ini ...Only OK! Load SceneInfo.ini ...ReLoad OK! Load ConfigInfo.ini ...Only OK!  (4304)(T=0.0000)
Load ConfigInfo.ini ...ReLoad OK!  (4304)(T=0.0000)
Load LoginInfo.ini ...Only OK!  (4304)(T=0.0000)
Load LoginInfo.ini ...ReLoad OK!  (4304)(T=0.0160)
Load WorldInfo.ini ...Only OK!  (4304)(T=0.0160)
Load WorldInfo.ini ...ReLoad OK!  (4304)(T=0.0160)
Load ShareMemInfo.ini ...Only OK!  (4304)(T=0.0160)
Load BillingInfo.ini ...Only OK!  (4304)(T=0.0160)
Load BillingInfo.ini ...ReLoad OK!  (4304)(T=0.0160)
Load MachineInfo.ini ...Only OK!  (4304)(T=0.0160)
Load MachineInfo.ini ...ReLoad OK!  (4304)(T=0.0160)
Load ServerInfo.ini ...Only OK!  (4304)(T=0.0160)
Load ServerInfo.ini ...ReLoad OK!  (4304)(T=0.0160)
Load SceneInfo.ini ...Only OK!  (4304)(T=0.0320)
Load SceneInfo.ini ...ReLoad OK!  (4304)(T=0.0320)
Load ConfigInfo.ini ...Only OK! Load ConfigInfo.ini ...ReLoad OK! Load LoginInfo.ini ...Only OK! Load LoginInfo.ini ...ReLoad OK! Load WorldInfo.ini ...Only OK! Load WorldInfo.ini ...ReLoad OK! Load ShareMemInfo.ini ...Only OK! Load BillingInfo.ini ...Only OK! Load BillingInfo.ini ...ReLoad OK! Load MachineInfo.ini ...Only OK! Load MachineInfo.ini ...ReLoad OK! Load ServerInfo.ini ...Only OK! Load ServerInfo.ini ...ReLoad OK! Load SceneInfo.ini ...Only OK! Load SceneInfo.ini ...ReLoad OK! Load ConfigInfo.ini ...Only OK!  (3196)(T=0.0000)
Load ConfigInfo.ini ...ReLoad OK!  (3196)(T=0.0160)
Load LoginInfo.ini ...Only OK!  (3196)(T=0.0160)
Load LoginInfo.ini ...ReLoad OK!  (3196)(T=0.0160)
Load WorldInfo.ini ...Only OK!  (3196)(T=0.0160)
Load WorldInfo.ini ...ReLoad OK!  (3196)(T=0.0160)
Load ShareMemInfo.ini ...Only OK!  (3196)(T=0.0160)
Load BillingInfo.ini ...Only OK!  (3196)(T=0.0310)
Load BillingInfo.ini ...ReLoad OK!  (3196)(T=0.0310)
Load MachineInfo.ini ...Only OK!  (3196)(T=0.0310)
Load MachineInfo.ini ...ReLoad OK!  (3196)(T=0.0310)
Load ServerInfo.ini ...Only OK!  (3196)(T=0.0310)
Load ServerInfo.ini ...ReLoad OK!  (3196)(T=0.0310)
Load SceneInfo.ini ...Only OK!  (3196)(T=0.0310)
Load SceneInfo.ini ...ReLoad OK!  (3196)(T=0.0470)
Load ConfigInfo.ini ...Only OK! Load ConfigInfo.ini ...ReLoad OK! Load LoginInfo.ini ...Only OK! Load LoginInfo.ini ...ReLoad OK! Load WorldInfo.ini ...Only OK! Load WorldInfo.ini ...ReLoad OK! Load ShareMemInfo.ini ...Only OK! Load BillingInfo.ini ...Only OK! Load BillingInfo.ini ...ReLoad OK! Load MachineInfo.ini ...Only OK! Load MachineInfo.ini ...ReLoad OK! Load ServerInfo.ini ...Only OK! Load ServerInfo.ini ...ReLoad OK! Load SceneInfo.ini ...Only OK! Load SceneInfo.ini ...ReLoad OK! Load ConfigInfo.ini ...Only OK!  (5084)(T=0.0160)
Load ConfigInfo.ini ...ReLoad OK!  (5084)(T=0.0160)
Load LoginInfo.ini ...Only OK!  (5084)(T=0.0160)
Load LoginInfo.ini ...ReLoad OK!  (5084)(T=0.0160)
Load WorldInfo.ini ...Only OK!  (5084)(T=0.0160)
Load WorldInfo.ini ...ReLoad OK!  (5084)(T=0.0320)
Load ShareMemInfo.ini ...Only OK!  (5084)(T=0.0320)
Load BillingInfo.ini ...Only OK!  (5084)(T=0.0320)
Load BillingInfo.ini ...ReLoad OK!  (5084)(T=0.0320)
Load MachineInfo.ini ...Only OK!  (5084)(T=0.0320)
Load MachineInfo.ini ...ReLoad OK!  (5084)(T=0.0320)
Load ServerInfo.ini ...Only OK!  (5084)(T=0.0320)
Load ServerInfo.ini ...ReLoad OK!  (5084)(T=0.0320)
Load SceneInfo.ini ...Only OK!  (5084)(T=0.0470)
Load SceneInfo.ini ...ReLoad OK!  (5084)(T=0.0470)
Load ConfigInfo.ini ...Only OK! Load ConfigInfo.ini ...ReLoad OK! Load LoginInfo.ini ...Only OK! Load LoginInfo.ini ...ReLoad OK! Load WorldInfo.ini ...Only OK! Load WorldInfo.ini ...ReLoad OK! Load ShareMemInfo.ini ...Only OK! Load BillingInfo.ini ...Only OK! Load BillingInfo.ini ...ReLoad OK! Load MachineInfo.ini ...Only OK! Load MachineInfo.ini ...ReLoad OK! Load ServerInfo.ini ...Only OK! Load ServerInfo.ini ...ReLoad OK! Load SceneInfo.ini ...Only OK! Load SceneInfo.ini ...ReLoad OK! Load ConfigInfo.ini ...Only OK!  (5168)(T=0.0000)
Load ConfigInfo.ini ...ReLoad OK!  (5168)(T=0.0000)
Load LoginInfo.ini ...Only OK!  (5168)(T=0.0150)
Load LoginInfo.ini ...ReLoad OK!  (5168)(T=0.0150)
Load WorldInfo.ini ...Only OK!  (5168)(T=0.0150)
Load WorldInfo.ini ...ReLoad OK!  (5168)(T=0.0150)
Load ShareMemInfo.ini ...Only OK!  (5168)(T=0.0150)
Load BillingInfo.ini ...Only OK!  (5168)(T=0.0150)
Load BillingInfo.ini ...ReLoad OK!  (5168)(T=0.0150)
Load MachineInfo.ini ...Only OK!  (5168)(T=0.0150)
Load MachineInfo.ini ...ReLoad OK!  (5168)(T=0.0150)
Load ServerInfo.ini ...Only OK!  (5168)(T=0.0150)
Load ServerInfo.ini ...ReLoad OK!  (5168)(T=0.0150)
Load SceneInfo.ini ...Only OK!  (5168)(T=0.0310)
Load SceneInfo.ini ...ReLoad OK!  (5168)(T=0.0310)
Load ConfigInfo.ini ...Only OK! Load ConfigInfo.ini ...ReLoad OK! Load LoginInfo.ini ...Only OK! Load LoginInfo.ini ...ReLoad OK! Load WorldInfo.ini ...Only OK! Load WorldInfo.ini ...ReLoad OK! Load ShareMemInfo.ini ...Only OK! Load BillingInfo.ini ...Only OK! Load BillingInfo.ini ...ReLoad OK! Load MachineInfo.ini ...Only OK! Load MachineInfo.ini ...ReLoad OK! Load ServerInfo.ini ...Only OK! Load ServerInfo.ini ...ReLoad OK! Load SceneInfo.ini ...Only OK! Load SceneInfo.ini ...ReLoad OK! Load ConfigInfo.ini ...Only OK!  (464)(T=0.0000)
Load ConfigInfo.ini ...ReLoad OK!  (464)(T=0.0160)
Load LoginInfo.ini ...Only OK!  (464)(T=0.0160)
Load LoginInfo.ini ...ReLoad OK!  (464)(T=0.0160)
Load WorldInfo.ini ...Only OK!  (464)(T=0.0160)
Load WorldInfo.ini ...ReLoad OK!  (464)(T=0.0160)
Load ShareMemInfo.ini ...Only OK!  (464)(T=0.0160)
Load BillingInfo.ini ...Only OK!  (464)(T=0.0160)
Load BillingInfo.ini ...ReLoad OK!  (464)(T=0.0160)
Load MachineInfo.ini ...Only OK!  (464)(T=0.0160)
Load MachineInfo.ini ...ReLoad OK!  (464)(T=0.0160)
Load ServerInfo.ini ...Only OK!  (464)(T=0.0160)
Load ServerInfo.ini ...ReLoad OK!  (464)(T=0.0160)
Load SceneInfo.ini ...Only OK!  (464)(T=0.0160)
Load SceneInfo.ini ...ReLoad OK!  (464)(T=0.0160)
Load ConfigInfo.ini ...Only OK!  (4480)(T=0.0000)
Load ConfigInfo.ini ...ReLoad OK!  (4480)(T=0.0000)
Load LoginInfo.ini ...Only OK!  (4480)(T=0.0000)
Load LoginInfo.ini ...ReLoad OK!  (4480)(T=0.0000)
Load WorldInfo.ini ...Only OK!  (4480)(T=0.0000)
Load WorldInfo.ini ...ReLoad OK!  (4480)(T=0.0000)
Load ShareMemInfo.ini ...Only OK!  (4480)(T=0.0000)
Load BillingInfo.ini ...Only OK!  (4480)(T=0.0000)
Load BillingInfo.ini ...ReLoad OK!  (4480)(T=0.0000)
Load MachineInfo.ini ...Only OK!  (4480)(T=0.0000)
Load MachineInfo.ini ...ReLoad OK!  (4480)(T=0.0000)
Load ServerInfo.ini ...Only OK!  (4480)(T=0.0000)
Load ServerInfo.ini ...ReLoad OK!  (4480)(T=0.0000)
Load SceneInfo.ini ...Only OK!  (4480)(T=0.0000)
Load SceneInfo.ini ...ReLoad OK!  (4480)(T=0.0000)
Load ConfigInfo.ini ...Only OK!  (4068)(T=0.0000)
Load ConfigInfo.ini ...ReLoad OK!  (4068)(T=0.0000)
Load LoginInfo.ini ...Only OK!  (4068)(T=0.0000)
Load LoginInfo.ini ...ReLoad OK!  (4068)(T=0.0000)
Load WorldInfo.ini ...Only OK!  (4068)(T=0.0000)
Load WorldInfo.ini ...ReLoad OK!  (4068)(T=0.0000)
Load ShareMemInfo.ini ...Only OK!  (4068)(T=0.0000)
Load BillingInfo.ini ...Only OK!  (4068)(T=0.0000)
Load BillingInfo.ini ...ReLoad OK!  (4068)(T=0.0000)
Load MachineInfo.ini ...Only OK!  (4068)(T=0.0000)
Load MachineInfo.ini ...ReLoad OK!  (4068)(T=0.0000)
Load ServerInfo.ini ...Only OK!  (4068)(T=0.0160)
Load ServerInfo.ini ...ReLoad OK!  (4068)(T=0.0160)
Load SceneInfo.ini ...Only OK!  (4068)(T=0.0160)
Load SceneInfo.ini ...ReLoad OK!  (4068)(T=0.0160)
Load ConfigInfo.ini ...Only OK! Load ConfigInfo.ini ...ReLoad OK! Load LoginInfo.ini ...Only OK! Load LoginInfo.ini ...ReLoad OK! Load WorldInfo.ini ...Only OK! Load WorldInfo.ini ...ReLoad OK! Load ShareMemInfo.ini ...Only OK! Load BillingInfo.ini ...Only OK! Load BillingInfo.ini ...ReLoad OK! Load MachineInfo.ini ...Only OK! Load MachineInfo.ini ...ReLoad OK! Load ServerInfo.ini ...Only OK! Load ServerInfo.ini ...ReLoad OK! Load SceneInfo.ini ...Only OK! Load SceneInfo.ini ...ReLoad OK! Load ConfigInfo.ini ...Only OK! Load ConfigInfo.ini ...ReLoad OK! Load LoginInfo.ini ...Only OK! Load LoginInfo.ini ...ReLoad OK! Load WorldInfo.ini ...Only OK! Load WorldInfo.ini ...ReLoad OK! Load ShareMemInfo.ini ...Only OK! Load BillingInfo.ini ...Only OK! Load BillingInfo.ini ...ReLoad OK! Load MachineInfo.ini ...Only OK! Load MachineInfo.ini ...ReLoad OK! Load ServerInfo.ini ...Only OK! Load ServerInfo.ini ...ReLoad OK! Load SceneInfo.ini ...Only OK! Load SceneInfo.ini ...ReLoad OK! Load ConfigInfo.ini ...Only OK!  (2832)(T=0.0000)
Load ConfigInfo.ini ...ReLoad OK!  (2832)(T=0.0160)
Load LoginInfo.ini ...Only OK!  (2832)(T=0.0160)
Load LoginInfo.ini ...ReLoad OK!  (2832)(T=0.0160)
Load WorldInfo.ini ...Only OK!  (2832)(T=0.0160)
Load WorldInfo.ini ...ReLoad OK!  (2832)(T=0.0160)
Load ShareMemInfo.ini ...Only OK!  (2832)(T=0.0160)
Load BillingInfo.ini ...Only OK!  (2832)(T=0.0160)
Load BillingInfo.ini ...ReLoad OK!  (2832)(T=0.0160)
Load MachineInfo.ini ...Only OK!  (2832)(T=0.0160)
Load MachineInfo.ini ...ReLoad OK!  (2832)(T=0.0160)
Load ServerInfo.ini ...Only OK!  (2832)(T=0.0160)
Load ServerInfo.ini ...ReLoad OK!  (2832)(T=0.0160)
Load SceneInfo.ini ...Only OK!  (2832)(T=0.0160)
Load SceneInfo.ini ...ReLoad OK!  (2832)(T=0.0160)
Load ConfigInfo.ini ...Only OK!  (5500)(T=0.0000)
Load ConfigInfo.ini ...ReLoad OK!  (5500)(T=0.0000)
Load LoginInfo.ini ...Only OK!  (5500)(T=0.0000)
Load LoginInfo.ini ...ReLoad OK!  (5500)(T=0.0000)
Load WorldInfo.ini ...Only OK!  (5500)(T=0.0000)
Load WorldInfo.ini ...ReLoad OK!  (5500)(T=0.0000)
Load ShareMemInfo.ini ...Only OK!  (5500)(T=0.0000)
Load BillingInfo.ini ...Only OK!  (5500)(T=0.0000)
Load BillingInfo.ini ...ReLoad OK!  (5500)(T=0.0000)
Load MachineInfo.ini ...Only OK!  (5500)(T=0.0000)
Load MachineInfo.ini ...ReLoad OK!  (5500)(T=0.0000)
Load ServerInfo.ini ...Only OK!  (5500)(T=0.0000)
Load ServerInfo.ini ...ReLoad OK!  (5500)(T=0.0000)
Load SceneInfo.ini ...Only OK!  (5500)(T=0.0000)
Load SceneInfo.ini ...ReLoad OK!  (5500)(T=0.0000)
Load ConfigInfo.ini ...Only OK!  (5808)(T=0.0000)
Load ConfigInfo.ini ...ReLoad OK!  (5808)(T=0.0000)
Load LoginInfo.ini ...Only OK!  (5808)(T=0.0000)
Load LoginInfo.ini ...ReLoad OK!  (5808)(T=0.0000)
Load WorldInfo.ini ...Only OK!  (5808)(T=0.0000)
Load WorldInfo.ini ...ReLoad OK!  (5808)(T=0.0000)
Load ShareMemInfo.ini ...Only OK!  (5808)(T=0.0000)
Load BillingInfo.ini ...Only OK!  (5808)(T=0.0000)
Load BillingInfo.ini ...ReLoad OK!  (5808)(T=0.0000)
Load MachineInfo.ini ...Only OK!  (5808)(T=0.0000)
Load MachineInfo.ini ...ReLoad OK!  (5808)(T=0.0000)
Load ServerInfo.ini ...Only OK!  (5808)(T=0.0000)
Load ServerInfo.ini ...ReLoad OK!  (5808)(T=0.0000)
Load SceneInfo.ini ...Only OK!  (5808)(T=0.0000)
Load SceneInfo.ini ...ReLoad OK!  (5808)(T=0.0000)
Load ConfigInfo.ini ...Only OK!  (2280)(T=0.0000)
Load ConfigInfo.ini ...ReLoad OK!  (2280)(T=0.0000)
Load LoginInfo.ini ...Only OK!  (2280)(T=0.0000)
Load LoginInfo.ini ...ReLoad OK!  (2280)(T=0.0000)
Load WorldInfo.ini ...Only OK!  (2280)(T=0.0000)
Load WorldInfo.ini ...ReLoad OK!  (2280)(T=0.0000)
Load ShareMemInfo.ini ...Only OK!  (2280)(T=0.0000)
Load BillingInfo.ini ...Only OK!  (2280)(T=0.0000)
Load BillingInfo.ini ...ReLoad OK!  (2280)(T=0.0000)
Load MachineInfo.ini ...Only OK!  (2280)(T=0.0000)
Load MachineInfo.ini ...ReLoad OK!  (2280)(T=0.0000)
Load ServerInfo.ini ...Only OK!  (2280)(T=0.0000)
Load ServerInfo.ini ...ReLoad OK!  (2280)(T=0.0000)
Load SceneInfo.ini ...Only OK!  (2280)(T=0.0000)
Load SceneInfo.ini ...ReLoad OK!  (2280)(T=0.0000)
Load ConfigInfo.ini ...Only OK!  (3992)(T=0.0000)
Load ConfigInfo.ini ...ReLoad OK!  (3992)(T=0.0000)
Load LoginInfo.ini ...Only OK!  (3992)(T=0.0000)
Load LoginInfo.ini ...ReLoad OK!  (3992)(T=0.0000)
Load WorldInfo.ini ...Only OK!  (3992)(T=0.0000)
Load WorldInfo.ini ...ReLoad OK!  (3992)(T=0.0000)
Load ShareMemInfo.ini ...Only OK!  (3992)(T=0.0000)
Load BillingInfo.ini ...Only OK!  (3992)(T=0.0000)
Load BillingInfo.ini ...ReLoad OK!  (3992)(T=0.0160)
Load MachineInfo.ini ...Only OK!  (3992)(T=0.0160)
Load MachineInfo.ini ...ReLoad OK!  (3992)(T=0.0160)
Load ServerInfo.ini ...Only OK!  (3992)(T=0.0160)
Load ServerInfo.ini ...ReLoad OK!  (3992)(T=0.0160)
Load SceneInfo.ini ...Only OK!  (3992)(T=0.0160)
Load SceneInfo.ini ...ReLoad OK!  (3992)(T=0.0160)
