[1002031419] m_pSocketInputStream->Fill ret:-7 WSAECONNRESET (5432)(T=44.2580)
[1002031450] m_pSocketInputStream->Fill ret:-7 WSAECONNRESET (372)(T=279.2110)
SceneID=1 Dead Lock! (5136)(T=1776.2430)
0: 33344 (5136)(T=1776.2430)
1: 33344 (5136)(T=1776.2430)
2: 33344 (5136)(T=1776.2430)
3: 33344 (5136)(T=1776.2430)
4: 33344 (5136)(T=1776.2430)
5: 33344 (5136)(T=1776.2430)
6: 33344 (5136)(T=1776.2430)
7: 33343 (5136)(T=1776.2430)
8: 33344 (5136)(T=1776.2430)
9: 33344 (5136)(T=1776.2430)
10: 33344 (5136)(T=1776.2580)
11: 33343 (5136)(T=1776.2580)
12: 33343 (5136)(T=1776.2580)
13: 33343 (5136)(T=1776.2580)
14: 33343 (5136)(T=1776.2580)
15: 33343 (5136)(T=1776.2580)
16: 33343 (5136)(T=1776.2580)
17: 33343 (5136)(T=1776.2580)
18: 33343 (5136)(T=1776.2580)
19: 33343 (5136)(T=1776.2580)
20: 33343 (5136)(T=1776.2580)
End (5136)(T=1776.2580)
.\Scene\Scene_Core.cpp 1079 Scene::ProcessCacheCommands (5728)(T=2394.3190)
[1002031721] m_pSocketInputStream->Fill ret:-7 WSAECONNRESET (5168)(T=2348.3450)
