
(###) main... (464)(T=0.0000)
Login Starting... (1512162257)(4326266) (464)(T=0.0000)
new LoginDBManager ...OK (464)(T=0.0160)
new ProcessManager...OK (464)(T=0.0160)
new PlayerPool...OK (464)(T=0.0160)
new PacketFactoryManager...OK (464)(T=0.0160)
new g_pProcessPlayerQueue...OK (464)(T=0.0160)
new g_pWorldPlayerQueue...OK (464)(T=0.0160)
new ThreadManager...OK (464)(T=0.0160)
new ServerManager...OK (464)(T=0.0160)
new ConnectManager...OK (464)(T=0.0160)
new DBThreadManager...OK (464)(T=0.0310)
mCharDBInterface->Connect()... Get Errors: [Microsoft][ODBC 驱动程序管理器] 未发现数据源名称并且未指定默认驱动程序  (464)(T=0.0310)
g_pDataBaseManager->Init()...OK (464)(T=0.0310)
g_pPlayerPool->Init()...OK (464)(T=0.0310)
g_pPacketFactoryManager->Init()...OK (464)(T=0.0310)
g_pTurnPlayerQueue->Init() ... OK (464)(T=0.0310)
g_pWorldPlayerQueue->Init() ... OK (464)(T=0.0310)

(###) main... (2832)(T=0.0000)
Login Starting... (1512262312)(4677471) (2832)(T=0.0000)
new LoginDBManager ...OK (2832)(T=0.0160)
new ProcessManager...OK (2832)(T=0.0160)
new PlayerPool...OK (2832)(T=0.0160)
new PacketFactoryManager...OK (2832)(T=0.0160)
new g_pProcessPlayerQueue...OK (2832)(T=0.0160)
new g_pWorldPlayerQueue...OK (2832)(T=0.0160)
new ThreadManager...OK (2832)(T=0.0160)
new ServerManager...OK (2832)(T=0.0160)
new ConnectManager...OK (2832)(T=0.0310)
new DBThreadManager...OK (2832)(T=0.0310)
mCharDBInterface->Connect()... Get Errors: [Microsoft][ODBC 驱动程序管理器] 未发现数据源名称并且未指定默认驱动程序  (2832)(T=0.0470)
g_pDataBaseManager->Init()...OK (2832)(T=0.0470)
g_pPlayerPool->Init()...OK (2832)(T=0.0470)
g_pPacketFactoryManager->Init()...OK (2832)(T=0.0470)
g_pTurnPlayerQueue->Init() ... OK (2832)(T=0.0470)
g_pWorldPlayerQueue->Init() ... OK (2832)(T=0.0470)

(###) main... (5500)(T=0.0000)
Login Starting... (1512262312)(4728577) (5500)(T=0.0000)
new LoginDBManager ...OK (5500)(T=0.0000)
new ProcessManager...OK (5500)(T=0.0000)
new PlayerPool...OK (5500)(T=0.0000)
new PacketFactoryManager...OK (5500)(T=0.0000)
new g_pProcessPlayerQueue...OK (5500)(T=0.0000)
new g_pWorldPlayerQueue...OK (5500)(T=0.0000)
new ThreadManager...OK (5500)(T=0.0000)
new ServerManager...OK (5500)(T=0.0000)
new ConnectManager...OK (5500)(T=0.0000)
new DBThreadManager...OK (5500)(T=0.0160)
mCharDBInterface->Connect()... Get Errors: [Microsoft][ODBC 驱动程序管理器] 未发现数据源名称并且未指定默认驱动程序  (5500)(T=0.0160)
g_pDataBaseManager->Init()...OK (5500)(T=0.0160)
g_pPlayerPool->Init()...OK (5500)(T=0.0160)
g_pPacketFactoryManager->Init()...OK (5500)(T=0.0160)
g_pTurnPlayerQueue->Init() ... OK (5500)(T=0.0160)
g_pWorldPlayerQueue->Init() ... OK (5500)(T=0.0160)

(###) main... (5808)(T=0.0000)
Login Starting... (1512262315)(4879414) (5808)(T=0.0000)
new LoginDBManager ...OK (5808)(T=0.0000)
new ProcessManager...OK (5808)(T=0.0000)
new PlayerPool...OK (5808)(T=0.0000)
new PacketFactoryManager...OK (5808)(T=0.0000)
new g_pProcessPlayerQueue...OK (5808)(T=0.0000)
new g_pWorldPlayerQueue...OK (5808)(T=0.0000)
new ThreadManager...OK (5808)(T=0.0000)
new ServerManager...OK (5808)(T=0.0000)
new ConnectManager...OK (5808)(T=0.0000)
new DBThreadManager...OK (5808)(T=0.0160)
mCharDBInterface->Connect()... Get Errors: [Microsoft][ODBC 驱动程序管理器] 未发现数据源名称并且未指定默认驱动程序  (5808)(T=0.0160)
g_pDataBaseManager->Init()...OK (5808)(T=0.0160)
g_pPlayerPool->Init()...OK (5808)(T=0.0160)
g_pPacketFactoryManager->Init()...OK (5808)(T=0.0160)
g_pTurnPlayerQueue->Init() ... OK (5808)(T=0.0160)
g_pWorldPlayerQueue->Init() ... OK (5808)(T=0.0160)

(###) main... (2280)(T=0.0000)
Login Starting... (1512262315)(4902425) (2280)(T=0.0000)
new LoginDBManager ...OK (2280)(T=0.0000)
new ProcessManager...OK (2280)(T=0.0000)
new PlayerPool...OK (2280)(T=0.0000)
new PacketFactoryManager...OK (2280)(T=0.0000)
new g_pProcessPlayerQueue...OK (2280)(T=0.0000)
new g_pWorldPlayerQueue...OK (2280)(T=0.0000)
new ThreadManager...OK (2280)(T=0.0000)
new ServerManager...OK (2280)(T=0.0000)
new ConnectManager...OK (2280)(T=0.0150)
new DBThreadManager...OK (2280)(T=0.0310)
mCharDBInterface->Connect()... Get Errors: [Microsoft][ODBC 驱动程序管理器] 未发现数据源名称并且未指定默认驱动程序  (2280)(T=0.0310)
g_pDataBaseManager->Init()...OK (2280)(T=0.0310)
g_pPlayerPool->Init()...OK (2280)(T=0.0310)
g_pPacketFactoryManager->Init()...OK (2280)(T=0.0310)
g_pTurnPlayerQueue->Init() ... OK (2280)(T=0.0310)
g_pWorldPlayerQueue->Init() ... OK (2280)(T=0.0310)

(###) main... (3992)(T=0.0000)
Login Starting... (1512262339)(6339443) (3992)(T=0.0000)
new LoginDBManager ...OK (3992)(T=0.0160)
new ProcessManager...OK (3992)(T=0.0160)
new PlayerPool...OK (3992)(T=0.0160)
new PacketFactoryManager...OK (3992)(T=0.0160)
new g_pProcessPlayerQueue...OK (3992)(T=0.0160)
new g_pWorldPlayerQueue...OK (3992)(T=0.0160)
new ThreadManager...OK (3992)(T=0.0160)
new ServerManager...OK (3992)(T=0.0160)
new ConnectManager...OK (3992)(T=0.0160)
new DBThreadManager...OK (3992)(T=0.0320)
mCharDBInterface->Connect()... Get Errors: [Microsoft][ODBC 驱动程序管理器] 未发现数据源名称并且未指定默认驱动程序  (3992)(T=0.0320)
g_pDataBaseManager->Init()...OK (3992)(T=0.0320)
g_pPlayerPool->Init()...OK (3992)(T=0.0320)
g_pPacketFactoryManager->Init()...OK (3992)(T=0.0320)
g_pTurnPlayerQueue->Init() ... OK (3992)(T=0.0320)
g_pWorldPlayerQueue->Init() ... OK (3992)(T=0.0470)
