MOL:65290B6,0,110,432,1,187.21,167.99 (5728)(T=1206.1530)
 (5728)(T=1206.1530)
MOL:65290B6,0,110,432,1,187.21,167.99 (5728)(T=1207.3540)
 (5728)(T=1207.3540)
MOL:65290B6,0,110,432,1,187.21,167.99 (5728)(T=1208.1340)
 (5728)(T=1208.1340)
MOL:65290B6,0,110,100,1,187.21,167.99 (5728)(T=1209.2570)
 (5728)(T=1209.2570)
MOL:65290B6,0,110,900,1,192.88,168.31 (5728)(T=1219.6470)
 (5728)(T=1219.6470)
MOL:65290B6,0,110,900,1,192.88,168.31 (5728)(T=1231.2220)
 (5728)(T=1231.2220)
MOL:65290B6,0,110,300,1,192.88,168.31 (5728)(T=1232.8440)
 (5728)(T=1232.8440)
MOL:65290B6,0,110,100,1,192.88,168.31 (5728)(T=1233.2500)
 (5728)(T=1233.2500)
MOL:65290B6,0,110,1760,1,192.88,168.31 (5728)(T=1233.5000)
 (5728)(T=1233.5000)
MOL:65290B6,0,110,900,1,192.88,168.31 (5728)(T=1238.3980)
 (5728)(T=1238.3980)
MOL:65290B6,0,110,900,1,192.88,168.31 (5728)(T=1238.9600)
 (5728)(T=1238.9600)
MOL:65290B6,0,110,900,1,192.88,168.31 (5728)(T=1239.3810)
 (5728)(T=1239.3810)
MOL:65290B6,0,110,900,1,192.88,168.31 (5728)(T=1239.7400)
 (5728)(T=1239.7400)
MOL:65290B6,0,110,300,1,192.88,168.31 (5728)(T=1240.4730)
 (5728)(T=1240.4730)
MOL:65290B6,0,110,100,1,192.88,168.31 (5728)(T=1240.7850)
 (5728)(T=1240.7850)
MOL:65290B6,0,110,1760,1,192.88,168.31 (5728)(T=1241.0810)
 (5728)(T=1241.0810)
MOL:65290B6,0,110,1760,1,192.88,168.31 (5728)(T=1241.3620)
 (5728)(T=1241.3620)
MOL:65290B6,0,110,352,1,192.88,168.31 (5728)(T=1242.2820)
 (5728)(T=1242.2820)
MOL:65290B6,0,110,432,1,192.88,168.31 (5728)(T=1242.5480)
 (5728)(T=1242.5480)
MOL:65290B6,0,110,352,1,192.88,168.31 (5728)(T=1242.8130)
 (5728)(T=1242.8130)
MOL:65290B6,0,110,432,1,192.88,168.31 (5728)(T=1243.1720)
 (5728)(T=1243.1720)
MOL:65290B6,0,110,1760,1,192.88,168.31 (5728)(T=1243.4990)
 (5728)(T=1243.4990)
MOL:65290B6,0,110,1760,1,192.88,168.31 (5728)(T=1243.9050)
 (5728)(T=1243.9050)
MOL:37A377CD,400EFC8,132,0,1,133.95,158.95 (3304)(T=529.7170)
 (3304)(T=529.7170)
