(###) main...
 (4480)(T=0.0000)
ShareMemory Start...
 (4480)(T=0.0000)
Start Read Config Files... (4480)(T=0.0000)
Read Config Files...OK! (4480)(T=0.0000)
Start New Managers... (4480)(T=0.0000)
new ShareDBManager ...OK (4480)(T=0.0160)
new SMUPool<HumanSMU>()...OK (4480)(T=0.0160)
New Managers...OK! (4480)(T=0.0160)
Start Init Managers... (4480)(T=0.0160)
mCharDBInterface->Connect()... Get Errors: [Microsoft][ODBC 驱动程序管理器] 未发现数据源名称并且未指定默认驱动程序  (4480)(T=0.0160)
g_pDBManager->Init()...Fails (4480)(T=0.0160)
Attach ShareMem Error SM_KET = 1001 (4480)(T=0.0160)
Create ShareMem Ok SM_KET = 1001 (4480)(T=0.0160)
Attach ShareMem Error SM_KET = 2001 (4480)(T=0.0160)
Create ShareMem Ok SM_KET = 2001 (4480)(T=0.0160)
PostInit GuildSMU_2001 from database fails (4480)(T=0.0310)
Attach ShareMem Error SM_KET = 3001 (4480)(T=0.0310)
Create ShareMem Ok SM_KET = 3001 (4480)(T=0.0310)
PostInit MailSMU_3001 from database fails (4480)(T=0.0630)
Attach ShareMem Error SM_KET = 4001 (4480)(T=0.0630)
Create ShareMem Ok SM_KET = 4001 (4480)(T=0.0630)
Attach ShareMem Error SM_KET = 7001 (4480)(T=0.0630)
Create ShareMem Ok SM_KET = 7001 (4480)(T=0.0630)
