(###) main... (4192)(T=0.0000)
World Start...  (4192)(T=0.0160)
Start Read Config Files... (4192)(T=0.0160)
(###) main... (416)(T=0.0000)
World Start...  (416)(T=0.0000)
Start Read Config Files... (416)(T=0.0000)
(###) main... (432)(T=0.0000)
World Start...  (432)(T=0.0160)
Start Read Config Files... (432)(T=0.0160)
(###) main... (4972)(T=0.0000)
World Start...  (4972)(T=0.0000)
Start Read Config Files... (4972)(T=0.0000)
(###) main... (5696)(T=0.0000)
World Start...  (5696)(T=0.0000)
Start Read Config Files... (5696)(T=0.0000)
(###) main... (288)(T=0.0000)
World Start...  (288)(T=0.0000)
Start Read Config Files... (288)(T=0.0000)
(###) main... (2908)(T=0.0000)
World Start...  (2908)(T=0.0160)
Start Read Config Files... (2908)(T=0.0160)
(###) main... (1660)(T=0.0000)
World Start...  (1660)(T=0.0000)
Start Read Config Files... (1660)(T=0.0000)
(###) main... (3748)(T=0.0000)
World Start...  (3748)(T=0.0160)
Start Read Config Files... (3748)(T=0.0160)
(###) main... (3980)(T=0.0000)
World Start...  (3980)(T=0.0000)
Start Read Config Files... (3980)(T=0.0000)
(###) main... (5804)(T=0.0000)
World Start...  (5804)(T=0.0000)
Start Read Config Files... (5804)(T=0.0000)
(###) main... (5432)(T=0.0000)
World Start...  (5432)(T=0.0000)
Start Read Config Files... (5432)(T=0.0000)
Read Config Files...OK! (5432)(T=0.0160)
Start New Managers... (5432)(T=0.0310)
new ServerManager...OK (5432)(T=0.0310)
new PlayerPool...OK (5432)(T=0.0310)
new PacketFactoryManager...OK (5432)(T=0.0310)
new OnlineUser...OK (5432)(T=0.0780)
new TeamList...OK (5432)(T=0.0780)
new ChatCenter...OK (5432)(T=0.0780)
new GuildManager...OK (5432)(T=0.1400)
new CityManager...OK (5432)(T=0.1560)
new MailNodePool...OK (5432)(T=0.1560)
new UserNodePool...OK (5432)(T=0.1560)
new MailCenter...OK (5432)(T=0.1560)
new AllUser...OK (5432)(T=0.1560)
new SceneInfo...OK (5432)(T=0.1560)
 new WorldTimeInfo....OK (5432)(T=0.1560)
New Managers...OK! (5432)(T=0.1560)
Start Init Managers... (5432)(T=0.1560)
g_TableInit.Init()...OK! (5432)(T=0.4840)
g_pServerManager->Init()...OK (5432)(T=0.5150)
g_pPlayerPool->Init()...OK (5432)(T=0.5150)
g_pPacketFactoryManager->Init()...OK (5432)(T=0.5150)
g_pOnlineUser->Init()...OK (5432)(T=0.5300)
g_pTeamList->Init()...OK (5432)(T=0.5300)
g_pChatCenter->Init()...OK (5432)(T=0.5300)
g_pGuildManager->Init()...OK (5432)(T=0.5300)
g_pCityManager->Init()...OK (5432)(T=0.5300)
g_pMailNodePool->Init()...OK (5432)(T=0.5300)
g_pUserNodePool->Init()...OK (5432)(T=0.5460)
g_pMailCenter->Init()...OK (5432)(T=0.5460)
g_pAllUser->Init()...OK (5432)(T=0.5620)
g_pSceneInfo->Init()...OK (5432)(T=0.5620)
g_pWorldTimeInfo.Init()...OK (5432)(T=0.5620)
Init Managers...OK! (5432)(T=0.5620)
Loop... (5432)(T=0.5620)
ServerManager::AcceptNewConnection(SOCKET:96)...OK (5432)(T=37.0190)
ServerManager::AcceptNewConnection(SOCKET:-1 Step:15)...OK (5432)(T=37.0190)
SendPacket! ID=726 (5432)(T=37.1130)
SSConnectHandler...ServerID=0 (5432)(T=37.1130)
ServerManager::RemovePlayer(PID:0)...OK (5432)(T=44.2580)
(###) main... (3336)(T=0.0000)
World Start...  (3336)(T=0.0150)
Start Read Config Files... (3336)(T=0.0150)
Read Config Files...OK! (3336)(T=0.0310)
Start New Managers... (3336)(T=0.0310)
new ServerManager...OK (3336)(T=0.0470)
new PlayerPool...OK (3336)(T=0.0470)
new PacketFactoryManager...OK (3336)(T=0.0470)
new OnlineUser...OK (3336)(T=0.0930)
new TeamList...OK (3336)(T=0.0930)
new ChatCenter...OK (3336)(T=0.0930)
new GuildManager...OK (3336)(T=0.1560)
new CityManager...OK (3336)(T=0.1710)
new MailNodePool...OK (3336)(T=0.1710)
new UserNodePool...OK (3336)(T=0.1710)
new MailCenter...OK (3336)(T=0.1710)
new AllUser...OK (3336)(T=0.1710)
new SceneInfo...OK (3336)(T=0.1710)
 new WorldTimeInfo....OK (3336)(T=0.1710)
New Managers...OK! (3336)(T=0.1710)
Start Init Managers... (3336)(T=0.1870)
g_TableInit.Init()...OK! (3336)(T=0.4680)
g_pServerManager->Init()...OK (3336)(T=0.4680)
g_pPlayerPool->Init()...OK (3336)(T=0.4680)
g_pPacketFactoryManager->Init()...OK (3336)(T=0.4680)
g_pOnlineUser->Init()...OK (3336)(T=0.4830)
g_pTeamList->Init()...OK (3336)(T=0.4830)
g_pChatCenter->Init()...OK (3336)(T=0.4990)
g_pGuildManager->Init()...OK (3336)(T=0.4990)
g_pCityManager->Init()...OK (3336)(T=0.4990)
g_pMailNodePool->Init()...OK (3336)(T=0.4990)
g_pUserNodePool->Init()...OK (3336)(T=0.4990)
g_pMailCenter->Init()...OK (3336)(T=0.5150)
g_pAllUser->Init()...OK (3336)(T=0.5300)
g_pSceneInfo->Init()...OK (3336)(T=0.5300)
g_pWorldTimeInfo.Init()...OK (3336)(T=0.5300)
Init Managers...OK! (3336)(T=0.5300)
Loop... (3336)(T=0.5460)
ServerManager::AcceptNewConnection(SOCKET:96)...OK (3336)(T=298.8200)
ServerManager::AcceptNewConnection(SOCKET:-1 Step:15)...OK (3336)(T=298.8200)
SendPacket! ID=726 (3336)(T=298.9130)
SSConnectHandler...ServerID=0 (3336)(T=298.9130)
SendPacket! ID=726 (3336)(T=300.7230)
GWAskUserDataHandler...User GUID=65290B6 not find! (3336)(T=401.4680)
(###) main... (3452)(T=0.0000)
World Start...  (3452)(T=0.0000)
Start Read Config Files... (3452)(T=0.0000)
Read Config Files...OK! (3452)(T=0.0310)
Start New Managers... (3452)(T=0.0310)
new ServerManager...OK (3452)(T=0.0310)
new PlayerPool...OK (3452)(T=0.0310)
new PacketFactoryManager...OK (3452)(T=0.0310)
new OnlineUser...OK (3452)(T=0.0930)
new TeamList...OK (3452)(T=0.0930)
new ChatCenter...OK (3452)(T=0.0930)
new GuildManager...OK (3452)(T=0.1560)
new CityManager...OK (3452)(T=0.1560)
new MailNodePool...OK (3452)(T=0.1560)
new UserNodePool...OK (3452)(T=0.1560)
new MailCenter...OK (3452)(T=0.1710)
new AllUser...OK (3452)(T=0.1870)
new SceneInfo...OK (3452)(T=0.1870)
 new WorldTimeInfo....OK (3452)(T=0.1870)
New Managers...OK! (3452)(T=0.1870)
Start Init Managers... (3452)(T=0.1870)
g_TableInit.Init()...OK! (3452)(T=0.4520)
g_pServerManager->Init()...OK (3452)(T=0.4520)
g_pPlayerPool->Init()...OK (3452)(T=0.4520)
g_pPacketFactoryManager->Init()...OK (3452)(T=0.4520)
g_pOnlineUser->Init()...OK (3452)(T=0.4680)
g_pTeamList->Init()...OK (3452)(T=0.4680)
g_pChatCenter->Init()...OK (3452)(T=0.4830)
g_pGuildManager->Init()...OK (3452)(T=0.4830)
g_pCityManager->Init()...OK (3452)(T=0.4830)
g_pMailNodePool->Init()...OK (3452)(T=0.4830)
g_pUserNodePool->Init()...OK (3452)(T=0.4830)
g_pMailCenter->Init()...OK (3452)(T=0.4990)
g_pAllUser->Init()...OK (3452)(T=0.5140)
g_pSceneInfo->Init()...OK (3452)(T=0.5140)
g_pWorldTimeInfo.Init()...OK (3452)(T=0.5140)
Init Managers...OK! (3452)(T=0.5140)
Loop... (3452)(T=0.5300)
ServerManager::AcceptNewConnection(SOCKET:96)...OK (3452)(T=13.4470)
ServerManager::AcceptNewConnection(SOCKET:-1 Step:15)...OK (3452)(T=13.4470)
SendPacket! ID=726 (3452)(T=13.5410)
SSConnectHandler...ServerID=0 (3452)(T=13.5410)
GWAskUserDataHandler...User GUID=65290B6 not find! (3452)(T=21.8870)
SendPacket! ID=536 (3452)(T=21.8870)
GWAskUserDataHandler...Load GUID=65290B6 OK! (3452)(T=21.9020)
SendPacket! ID=684 (3452)(T=23.3690)
SendPacket! ID=667 (3452)(T=25.6930)
SendPacket! ID=605 (3452)(T=25.6930)
GWMailHandler...sName= dName=ÃÏ¡˙≤‚ ‘ (3452)(T=25.6930)
SendPacket! ID=605 (3452)(T=25.6930)
GWHeartBeatHandler...User GUID=65290B6 Status=3! (3452)(T=25.6930)
GWNotifyUserHandler...User Is Disconnect GUID=65290B6 Status=0 SP=0 DP=0 (3452)(T=27.6430)
GWNotifyUserHandler...User GUID=65290B6 Status=0 (3452)(T=27.6430)
GWNotifyUserHandler...User Is Remove GUID=65290B6 Status=1 SP=-1 DP=0 (3452)(T=47.6580)
GWNotifyUserHandler...User GUID=65290B6 Status=1 (3452)(T=47.6580)
SendPacket! ID=684 (3452)(T=48.0640)
GWAskUserDataHandler...User GUID=65290B6 not find! (3452)(T=70.0750)
SendPacket! ID=536 (3452)(T=70.0750)
GWAskUserDataHandler...Load GUID=65290B6 OK! (3452)(T=70.0750)
SendPacket! ID=684 (3452)(T=70.7770)
SendPacket! ID=667 (3452)(T=72.6810)
SendPacket! ID=605 (3452)(T=72.6960)
GWNotifyUserHandler...User Is Disconnect GUID=65290B6 Status=0 SP=2 DP=2 (3452)(T=73.1950)
GWNotifyUserHandler...User GUID=65290B6 Status=0 (3452)(T=73.1950)
GWNotifyUserHandler...User Is Remove GUID=65290B6 Status=1 SP=-1 DP=2 (3452)(T=93.2570)
GWNotifyUserHandler...User GUID=65290B6 Status=1 (3452)(T=93.2570)
SendPacket! ID=684 (3452)(T=93.3510)
GWAskUserDataHandler...User GUID=65290B6 not find! (3452)(T=237.4020)
SendPacket! ID=536 (3452)(T=237.4020)
GWAskUserDataHandler...Load GUID=65290B6 OK! (3452)(T=237.4180)
SendPacket! ID=684 (3452)(T=237.6200)
SendPacket! ID=667 (3452)(T=240.0230)
SendPacket! ID=605 (3452)(T=240.0230)
GWHeartBeatHandler...User GUID=65290B6 Status=3! (3452)(T=240.4280)
SendPacket! ID=602 (3452)(T=276.0430)
GWAskMailHandler...Name=ÃÏ¡˙≤‚ ‘ MailCount=1 LeftCount=0 (3452)(T=276.0430)
GWHeartBeatHandler...User GUID=65290B6 Status=3! (3452)(T=299.9270)
SendPacket! ID=726 (3452)(T=300.6290)
GWHeartBeatHandler...User GUID=65290B6 Status=3! (3452)(T=360.0660)
GWHeartBeatHandler...User GUID=65290B6 Status=3! (3452)(T=420.0790)
GWHeartBeatHandler...User GUID=65290B6 Status=3! (3452)(T=479.9990)
GWHeartBeatHandler...User GUID=65290B6 Status=3! (3452)(T=540.0910)
GWHeartBeatHandler...User GUID=65290B6 Status=3! (3452)(T=600.1040)
SendPacket! ID=726 (3452)(T=600.7130)
GWHeartBeatHandler...User GUID=65290B6 Status=3! (3452)(T=660.5860)
GWHeartBeatHandler...User GUID=65290B6 Status=3! (3452)(T=731.6910)
(###) main... (372)(T=0.0000)
World Start...  (372)(T=0.0000)
Start Read Config Files... (372)(T=0.0000)
Read Config Files...OK! (372)(T=0.0320)
Start New Managers... (372)(T=0.0320)
new ServerManager...OK (372)(T=0.0320)
new PlayerPool...OK (372)(T=0.0320)
new PacketFactoryManager...OK (372)(T=0.0320)
new OnlineUser...OK (372)(T=0.0780)
new TeamList...OK (372)(T=0.0780)
new ChatCenter...OK (372)(T=0.0940)
new GuildManager...OK (372)(T=0.1560)
new CityManager...OK (372)(T=0.1560)
new MailNodePool...OK (372)(T=0.1560)
new UserNodePool...OK (372)(T=0.1560)
new MailCenter...OK (372)(T=0.1560)
new AllUser...OK (372)(T=0.1560)
new SceneInfo...OK (372)(T=0.1560)
 new WorldTimeInfo....OK (372)(T=0.1720)
New Managers...OK! (372)(T=0.1720)
Start Init Managers... (372)(T=0.1720)
g_TableInit.Init()...OK! (372)(T=0.4530)
g_pServerManager->Init()...OK (372)(T=0.4530)
g_pPlayerPool->Init()...OK (372)(T=0.4530)
g_pPacketFactoryManager->Init()...OK (372)(T=0.4530)
g_pOnlineUser->Init()...OK (372)(T=0.4680)
g_pTeamList->Init()...OK (372)(T=0.4680)
g_pChatCenter->Init()...OK (372)(T=0.4680)
g_pGuildManager->Init()...OK (372)(T=0.4840)
g_pCityManager->Init()...OK (372)(T=0.4840)
g_pMailNodePool->Init()...OK (372)(T=0.4840)
g_pUserNodePool->Init()...OK (372)(T=0.4840)
g_pMailCenter->Init()...OK (372)(T=0.5000)
g_pAllUser->Init()...OK (372)(T=0.5150)
g_pSceneInfo->Init()...OK (372)(T=0.5150)
g_pWorldTimeInfo.Init()...OK (372)(T=0.5150)
Init Managers...OK! (372)(T=0.5150)
Loop... (372)(T=0.5150)
ServerManager::AcceptNewConnection(SOCKET:96)...OK (372)(T=12.6210)
ServerManager::AcceptNewConnection(SOCKET:-1 Step:15)...OK (372)(T=12.6370)
SendPacket! ID=726 (372)(T=12.7300)
SSConnectHandler...ServerID=0 (372)(T=12.7300)
GWAskUserDataHandler...User GUID=65290B6 not find! (372)(T=23.8220)
SendPacket! ID=536 (372)(T=23.8220)
GWAskUserDataHandler...Load GUID=65290B6 OK! (372)(T=23.8220)
SendPacket! ID=684 (372)(T=25.2880)
SendPacket! ID=667 (372)(T=26.5990)
GWHeartBeatHandler...User GUID=65290B6 Status=3! (372)(T=26.8010)
GWHeartBeatHandler...User GUID=65290B6 Status=3! (372)(T=86.5030)
GWHeartBeatHandler...User GUID=65290B6 Status=3! (372)(T=176.6560)
GWHeartBeatHandler...User GUID=65290B6 Status=3! (372)(T=210.9920)
GWHeartBeatHandler...User GUID=65290B6 Status=3! (372)(T=266.5280)
ServerManager::RemovePlayer(PID:0)...OK (372)(T=279.2110)
(###) main... (4304)(T=0.0000)
World Start...  (4304)(T=0.0000)
Start Read Config Files... (4304)(T=0.0000)
Read Config Files...OK! (4304)(T=0.0320)
Start New Managers... (4304)(T=0.0320)
new ServerManager...OK (4304)(T=0.0320)
new PlayerPool...OK (4304)(T=0.0320)
new PacketFactoryManager...OK (4304)(T=0.0320)
new OnlineUser...OK (4304)(T=0.0780)
new TeamList...OK (4304)(T=0.0940)
new ChatCenter...OK (4304)(T=0.0940)
new GuildManager...OK (4304)(T=0.1560)
new CityManager...OK (4304)(T=0.1560)
new MailNodePool...OK (4304)(T=0.1560)
new UserNodePool...OK (4304)(T=0.1720)
new MailCenter...OK (4304)(T=0.1720)
new AllUser...OK (4304)(T=0.1720)
new SceneInfo...OK (4304)(T=0.1720)
 new WorldTimeInfo....OK (4304)(T=0.1720)
New Managers...OK! (4304)(T=0.1720)
Start Init Managers... (4304)(T=0.1880)
g_TableInit.Init()...OK! (4304)(T=0.4840)
g_pServerManager->Init()...OK (4304)(T=0.4840)
g_pPlayerPool->Init()...OK (4304)(T=0.4840)
g_pPacketFactoryManager->Init()...OK (4304)(T=0.4840)
g_pOnlineUser->Init()...OK (4304)(T=0.5000)
g_pTeamList->Init()...OK (4304)(T=0.5000)
g_pChatCenter->Init()...OK (4304)(T=0.5000)
g_pGuildManager->Init()...OK (4304)(T=0.5000)
g_pCityManager->Init()...OK (4304)(T=0.5000)
g_pMailNodePool->Init()...OK (4304)(T=0.5150)
g_pUserNodePool->Init()...OK (4304)(T=0.5150)
g_pMailCenter->Init()...OK (4304)(T=0.5150)
g_pAllUser->Init()...OK (4304)(T=0.5310)
g_pSceneInfo->Init()...OK (4304)(T=0.5460)
g_pWorldTimeInfo.Init()...OK (4304)(T=0.5460)
Init Managers...OK! (4304)(T=0.5460)
Loop... (4304)(T=0.5460)
ServerManager::AcceptNewConnection(SOCKET:96)...OK (4304)(T=11.8560)
ServerManager::AcceptNewConnection(SOCKET:-1 Step:15)...OK (4304)(T=11.8720)
SendPacket! ID=726 (4304)(T=11.9660)
SSConnectHandler...ServerID=0 (4304)(T=11.9660)
GWAskUserDataHandler...User GUID=65290B6 not find! (4304)(T=29.0940)
SendPacket! ID=536 (4304)(T=29.0940)
GWAskUserDataHandler...Load GUID=65290B6 OK! (4304)(T=29.0940)
SendPacket! ID=684 (4304)(T=29.5940)
SendPacket! ID=667 (4304)(T=31.8090)
GWHeartBeatHandler...User GUID=65290B6 Status=3! (4304)(T=32.0120)
GWHeartBeatHandler...User GUID=65290B6 Status=3! (4304)(T=298.2900)
GWHeartBeatHandler...User GUID=65290B6 Status=3! (4304)(T=298.3050)
GWHeartBeatHandler...User GUID=65290B6 Status=3! (4304)(T=298.3990)
GWHeartBeatHandler...User GUID=65290B6 Status=3! (4304)(T=298.3990)
SendPacket! ID=726 (4304)(T=300.7080)
SendPacket! ID=538 (4304)(T=309.4280)
GWAskChangeSceneHandler...GUID=65290B6,S=1,D=0! (4304)(T=309.4280)
SendPacket! ID=684 (4304)(T=311.2380)
GWNotifyUserHandler...User Is Disconnect GUID=65290B6 Status=0 SP=0 DP=0 (4304)(T=314.5450)
GWNotifyUserHandler...User GUID=65290B6 Status=0 (4304)(T=314.5450)
GWNotifyUserHandler...User Is Remove GUID=65290B6 Status=1 SP=-1 DP=0 (4304)(T=334.4660)
GWNotifyUserHandler...User GUID=65290B6 Status=1 (4304)(T=334.4660)
SendPacket! ID=684 (4304)(T=336.2760)
GWAskUserDataHandler...User GUID=65290B6 not find! (4304)(T=392.4520)
SendPacket! ID=536 (4304)(T=392.4520)
GWAskUserDataHandler...Load GUID=65290B6 OK! (4304)(T=392.4520)
SendPacket! ID=684 (4304)(T=392.5610)
SendPacket! ID=667 (4304)(T=395.4630)
GWHeartBeatHandler...User GUID=65290B6 Status=3! (4304)(T=395.4630)
GWNotifyUserHandler...User Is Disconnect GUID=65290B6 Status=0 SP=2 DP=2 (4304)(T=433.2620)
GWNotifyUserHandler...User GUID=65290B6 Status=0 (4304)(T=433.2620)
GWNotifyUserHandler...User Is Remove GUID=65290B6 Status=1 SP=-1 DP=2 (4304)(T=453.2140)
GWNotifyUserHandler...User GUID=65290B6 Status=1 (4304)(T=453.2140)
SendPacket! ID=684 (4304)(T=453.9160)
SendPacket! ID=726 (4304)(T=600.7600)
GWAskUserDataHandler...User GUID=73DA4413 not find! (4304)(T=620.4010)
SendPacket! ID=536 (4304)(T=620.4010)
GWAskUserDataHandler...Load GUID=73DA4413 OK! (4304)(T=620.4010)
SendPacket! ID=684 (4304)(T=621.3990)
SendPacket! ID=667 (4304)(T=623.3180)
SendPacket! ID=605 (4304)(T=623.3180)
GWMailHandler...sName= dName=ÃÏ¡˙≤‚ ‘1 (4304)(T=623.3180)
SendPacket! ID=605 (4304)(T=623.3180)
GWHeartBeatHandler...User GUID=73DA4413 Status=3! (4304)(T=623.3180)
GWHeartBeatHandler...User GUID=73DA4413 Status=3! (4304)(T=683.2380)
GWNotifyUserHandler...User Is Disconnect GUID=73DA4413 Status=0 SP=4 DP=4 (4304)(T=687.8870)
GWNotifyUserHandler...User GUID=73DA4413 Status=0 (4304)(T=687.8870)
GWAskUserDataHandler...User GUID=EAD315A9 not find! (4304)(T=700.0860)
SendPacket! ID=536 (4304)(T=743.3760)
GWAskUserDataHandler...Load GUID=EAD315A9 OK! (4304)(T=743.3760)
SendPacket! ID=684 (4304)(T=743.3760)
GWNotifyUserHandler...User Is Remove GUID=73DA4413 Status=1 SP=-1 DP=4 (4304)(T=743.4850)
GWNotifyUserHandler...User GUID=73DA4413 Status=1 (4304)(T=743.4850)
SendPacket! ID=684 (4304)(T=743.4850)
SendPacket! ID=667 (4304)(T=746.1840)
SendPacket! ID=605 (4304)(T=746.1840)
GWMailHandler...sName= dName=ÃÏ¡˙≤‚ ‘2 (4304)(T=746.1840)
SendPacket! ID=605 (4304)(T=746.2000)
GWHeartBeatHandler...User GUID=EAD315A9 Status=3! (4304)(T=746.2000)
(###) main... (3196)(T=0.0000)
World Start...  (3196)(T=0.0000)
Start Read Config Files... (3196)(T=0.0000)
Read Config Files...OK! (3196)(T=0.0470)
Start New Managers... (3196)(T=0.0470)
new ServerManager...OK (3196)(T=0.0470)
new PlayerPool...OK (3196)(T=0.0470)
new PacketFactoryManager...OK (3196)(T=0.0470)
new OnlineUser...OK (3196)(T=0.1090)
new TeamList...OK (3196)(T=0.1090)
new ChatCenter...OK (3196)(T=0.1090)
new GuildManager...OK (3196)(T=0.1870)
new CityManager...OK (3196)(T=0.1870)
new MailNodePool...OK (3196)(T=0.1870)
new UserNodePool...OK (3196)(T=0.1870)
new MailCenter...OK (3196)(T=0.2030)
new AllUser...OK (3196)(T=0.2030)
new SceneInfo...OK (3196)(T=0.2030)
 new WorldTimeInfo....OK (3196)(T=0.2030)
New Managers...OK! (3196)(T=0.2030)
Start Init Managers... (3196)(T=0.2030)
g_TableInit.Init()...OK! (3196)(T=0.5770)
g_pServerManager->Init()...OK (3196)(T=0.5770)
g_pPlayerPool->Init()...OK (3196)(T=0.5930)
g_pPacketFactoryManager->Init()...OK (3196)(T=0.5930)
g_pOnlineUser->Init()...OK (3196)(T=0.6090)
g_pTeamList->Init()...OK (3196)(T=0.6090)
g_pChatCenter->Init()...OK (3196)(T=0.6090)
g_pGuildManager->Init()...OK (3196)(T=0.6090)
g_pCityManager->Init()...OK (3196)(T=0.6090)
g_pMailNodePool->Init()...OK (3196)(T=0.6090)
g_pUserNodePool->Init()...OK (3196)(T=0.6240)
g_pMailCenter->Init()...OK (3196)(T=0.6240)
g_pAllUser->Init()...OK (3196)(T=0.6400)
g_pSceneInfo->Init()...OK (3196)(T=0.6550)
g_pWorldTimeInfo.Init()...OK (3196)(T=0.6550)
Init Managers...OK! (3196)(T=0.6550)
Loop... (3196)(T=0.6550)
ServerManager::AcceptNewConnection(SOCKET:96)...OK (3196)(T=16.5050)
ServerManager::AcceptNewConnection(SOCKET:-1 Step:15)...OK (3196)(T=16.5210)
SendPacket! ID=726 (3196)(T=16.6460)
SSConnectHandler...ServerID=0 (3196)(T=16.6460)
GWAskUserDataHandler...User GUID=65290B6 not find! (3196)(T=37.3160)
SendPacket! ID=536 (3196)(T=37.3160)
GWAskUserDataHandler...Load GUID=65290B6 OK! (3196)(T=37.3310)
SendPacket! ID=684 (3196)(T=37.9240)
SendPacket! ID=667 (3196)(T=40.6390)
GWHeartBeatHandler...User GUID=65290B6 Status=3! (3196)(T=40.7480)
GWNotifyUserHandler...User Is Disconnect GUID=65290B6 Status=0 SP=0 DP=0 (3196)(T=58.1420)
GWNotifyUserHandler...User GUID=65290B6 Status=0 (3196)(T=58.1570)
SendPacket! ID=536 (3196)(T=72.7900)
GWAskUserDataHandler...User GUID=65290B6 Status=4 (3196)(T=72.7900)
SendPacket! ID=667 (3196)(T=75.9880)
GWHeartBeatHandler...User GUID=65290B6 Status=3! (3196)(T=76.0040)
GWNotifyUserHandler...User Is Disconnect GUID=65290B6 Status=0 SP=2 DP=2 (3196)(T=115.5030)
GWNotifyUserHandler...User GUID=65290B6 Status=0 (3196)(T=115.5030)
GWNotifyUserHandler...User Is Remove GUID=65290B6 Status=1 SP=-1 DP=2 (3196)(T=135.4400)
GWNotifyUserHandler...User GUID=65290B6 Status=1 (3196)(T=135.4400)
SendPacket! ID=684 (3196)(T=136.9540)
SendPacket! ID=726 (3196)(T=300.8010)
SendPacket! ID=726 (3196)(T=600.8070)
(###) main... (5084)(T=0.0000)
World Start...  (5084)(T=0.0000)
Start Read Config Files... (5084)(T=0.0160)
Read Config Files...OK! (5084)(T=0.0470)
Start New Managers... (5084)(T=0.0470)
new ServerManager...OK (5084)(T=0.0470)
new PlayerPool...OK (5084)(T=0.0470)
new PacketFactoryManager...OK (5084)(T=0.0470)
new OnlineUser...OK (5084)(T=0.1100)
new TeamList...OK (5084)(T=0.1100)
new ChatCenter...OK (5084)(T=0.1100)
new GuildManager...OK (5084)(T=0.1880)
new CityManager...OK (5084)(T=0.1880)
new MailNodePool...OK (5084)(T=0.1880)
new UserNodePool...OK (5084)(T=0.2030)
new MailCenter...OK (5084)(T=0.2030)
new AllUser...OK (5084)(T=0.2030)
new SceneInfo...OK (5084)(T=0.2030)
 new WorldTimeInfo....OK (5084)(T=0.2030)
New Managers...OK! (5084)(T=0.2030)
Start Init Managers... (5084)(T=0.2190)
g_TableInit.Init()...OK! (5084)(T=0.4840)
g_pServerManager->Init()...OK (5084)(T=0.4840)
g_pPlayerPool->Init()...OK (5084)(T=0.5000)
g_pPacketFactoryManager->Init()...OK (5084)(T=0.5000)
g_pOnlineUser->Init()...OK (5084)(T=0.5000)
g_pTeamList->Init()...OK (5084)(T=0.5150)
g_pChatCenter->Init()...OK (5084)(T=0.5150)
g_pGuildManager->Init()...OK (5084)(T=0.5150)
g_pCityManager->Init()...OK (5084)(T=0.5150)
g_pMailNodePool->Init()...OK (5084)(T=0.5310)
g_pUserNodePool->Init()...OK (5084)(T=0.5310)
g_pMailCenter->Init()...OK (5084)(T=0.5460)
g_pAllUser->Init()...OK (5084)(T=0.5620)
g_pSceneInfo->Init()...OK (5084)(T=0.5620)
g_pWorldTimeInfo.Init()...OK (5084)(T=0.5620)
Init Managers...OK! (5084)(T=0.5620)
Loop... (5084)(T=0.5620)
ServerManager::AcceptNewConnection(SOCKET:96)...OK (5084)(T=12.9800)
ServerManager::AcceptNewConnection(SOCKET:-1 Step:15)...OK (5084)(T=12.9800)
SendPacket! ID=726 (5084)(T=13.0730)
SSConnectHandler...ServerID=0 (5084)(T=13.0730)
GWAskUserDataHandler...User GUID=65290B6 not find! (5084)(T=32.3390)
SendPacket! ID=536 (5084)(T=32.3550)
GWAskUserDataHandler...Load GUID=65290B6 OK! (5084)(T=32.3550)
SendPacket! ID=684 (5084)(T=33.9310)
SendPacket! ID=667 (5084)(T=35.5370)
GWHeartBeatHandler...User GUID=65290B6 Status=3! (5084)(T=35.5370)
GWNotifyUserHandler...User Is Disconnect GUID=65290B6 Status=0 SP=0 DP=0 (5084)(T=74.6160)
GWNotifyUserHandler...User GUID=65290B6 Status=0 (5084)(T=74.6160)
GWNotifyUserHandler...User Is Remove GUID=65290B6 Status=1 SP=-1 DP=0 (5084)(T=94.5530)
GWNotifyUserHandler...User GUID=65290B6 Status=1 (5084)(T=94.5530)
SendPacket! ID=684 (5084)(T=95.7540)
SendPacket! ID=726 (5084)(T=300.7550)
SendPacket! ID=726 (5084)(T=600.8070)
GWAskUserDataHandler...User GUID=65290B6 not find! (5084)(T=761.1760)
SendPacket! ID=536 (5084)(T=761.1920)
GWAskUserDataHandler...Load GUID=65290B6 OK! (5084)(T=761.1920)
SendPacket! ID=684 (5084)(T=762.8300)
SendPacket! ID=667 (5084)(T=764.1400)
GWHeartBeatHandler...User GUID=65290B6 Status=3! (5084)(T=764.1400)
GWNotifyUserHandler...User Is Disconnect GUID=65290B6 Status=0 SP=2 DP=2 (5084)(T=803.7330)
GWNotifyUserHandler...User GUID=65290B6 Status=0 (5084)(T=803.7330)
GWNotifyUserHandler...User Is Remove GUID=65290B6 Status=1 SP=-1 DP=2 (5084)(T=823.6700)
GWNotifyUserHandler...User GUID=65290B6 Status=1 (5084)(T=823.6700)
SendPacket! ID=684 (5084)(T=824.1690)
SendPacket! ID=726 (5084)(T=900.8590)
GWAskUserDataHandler...User GUID=65290B6 not find! (5084)(T=964.8820)
SendPacket! ID=536 (5084)(T=964.8820)
GWAskUserDataHandler...Load GUID=65290B6 OK! (5084)(T=964.8980)
SendPacket! ID=684 (5084)(T=966.4730)
SendPacket! ID=667 (5084)(T=967.8460)
GWHeartBeatHandler...User GUID=65290B6 Status=3! (5084)(T=967.8460)
GWNotifyUserHandler...User Is Disconnect GUID=65290B6 Status=0 SP=4 DP=4 (5084)(T=984.1640)
GWNotifyUserHandler...User GUID=65290B6 Status=0 (5084)(T=984.1640)
SendPacket! ID=536 (5084)(T=993.0090)
GWAskUserDataHandler...User GUID=65290B6 Status=4 (5084)(T=993.0090)
SendPacket! ID=667 (5084)(T=995.7550)
GWHeartBeatHandler...User GUID=65290B6 Status=3! (5084)(T=995.7550)
GWNotifyUserHandler...User Is Disconnect GUID=65290B6 Status=0 SP=6 DP=6 (5084)(T=1011.5260)
GWNotifyUserHandler...User GUID=65290B6 Status=0 (5084)(T=1011.5260)
SendPacket! ID=536 (5084)(T=1029.9660)
GWAskUserDataHandler...User GUID=65290B6 Status=4 (5084)(T=1029.9660)
SendPacket! ID=667 (5084)(T=1032.7890)
GWHeartBeatHandler...User GUID=65290B6 Status=3! (5084)(T=1032.7890)
SendPacket! ID=538 (5084)(T=1042.0250)
GWAskChangeSceneHandler...GUID=65290B6,S=0,D=1! (5084)(T=1042.0250)
SendPacket! ID=684 (5084)(T=1044.0060)
GWHeartBeatHandler...User GUID=65290B6 Status=3! (5084)(T=1092.7560)
GWHeartBeatHandler...User GUID=65290B6 Status=3! (5084)(T=1152.8320)
SendPacket! ID=726 (5084)(T=1200.9120)
GWHeartBeatHandler...User GUID=65290B6 Status=3! (5084)(T=1212.8300)
GWHeartBeatHandler...User GUID=65290B6 Status=3! (5084)(T=1272.9220)
GWHeartBeatHandler...User GUID=65290B6 Status=3! (5084)(T=1332.9200)
GWHeartBeatHandler...User GUID=65290B6 Status=3! (5084)(T=1392.9330)
GWHeartBeatHandler...User GUID=65290B6 Status=3! (5084)(T=1453.0090)
SendPacket! ID=726 (5084)(T=1500.9480)
GWHeartBeatHandler...User GUID=65290B6 Status=3! (5084)(T=1513.0070)
GWLevelUpHandler...User GUID=65290B6 Level=70 (5084)(T=1523.3660)
GWHeartBeatHandler...User GUID=65290B6 Status=3! (5084)(T=1573.0050)
GWHeartBeatHandler...User GUID=65290B6 Status=3! (5084)(T=1633.0660)
GWHeartBeatHandler...User GUID=65290B6 Status=3! (5084)(T=1693.1100)
GWHeartBeatHandler...User GUID=65290B6 Status=3! (5084)(T=1788.1620)
SendPacket! ID=726 (5084)(T=1800.9850)
GWHeartBeatHandler...User GUID=65290B6 Status=3! (5084)(T=1813.1060)
GWHeartBeatHandler...User GUID=65290B6 Status=3! (5084)(T=1873.1980)
SendPacket! ID=555 (5084)(T=1877.7530)
GWTeamInviteHandler...CreateTeam GUID=65290B6 TeamID=0 (5084)(T=1877.7530)
GWHeartBeatHandler...User GUID=65290B6 Status=3! (5084)(T=1933.2430)
GWHeartBeatHandler...User GUID=65290B6 Status=3! (5084)(T=1993.2870)
GWHeartBeatHandler...User GUID=65290B6 Status=3! (5084)(T=2053.2070)
SendPacket! ID=726 (5084)(T=2101.0060)
GWHeartBeatHandler...User GUID=65290B6 Status=3! (5084)(T=2113.1740)
GWHeartBeatHandler...User GUID=65290B6 Status=3! (5084)(T=2173.3280)
GWHeartBeatHandler...User GUID=65290B6 Status=3! (5084)(T=2233.2640)
GWHeartBeatHandler...User GUID=65290B6 Status=3! (5084)(T=2293.3090)
GWHeartBeatHandler...User GUID=65290B6 Status=3! (5084)(T=2353.3530)
SendPacket! ID=538 (5084)(T=2392.5720)
GWAskChangeSceneHandler...GUID=65290B6,S=1,D=30! (5084)(T=2392.5720)
SendPacket! ID=684 (5084)(T=2393.7730)
SendPacket! ID=684 (5084)(T=2400.0290)
SendPacket! ID=726 (5084)(T=2401.0270)
(###) main... (5168)(T=0.0000)
World Start...  (5168)(T=0.0000)
Start Read Config Files... (5168)(T=0.0000)
Read Config Files...OK! (5168)(T=0.0310)
Start New Managers... (5168)(T=0.0310)
new ServerManager...OK (5168)(T=0.0310)
new PlayerPool...OK (5168)(T=0.0310)
new PacketFactoryManager...OK (5168)(T=0.0310)
new OnlineUser...OK (5168)(T=0.0780)
new TeamList...OK (5168)(T=0.0930)
new ChatCenter...OK (5168)(T=0.0930)
new GuildManager...OK (5168)(T=0.1560)
new CityManager...OK (5168)(T=0.1560)
new MailNodePool...OK (5168)(T=0.1560)
new UserNodePool...OK (5168)(T=0.1560)
new MailCenter...OK (5168)(T=0.1560)
new AllUser...OK (5168)(T=0.1560)
new SceneInfo...OK (5168)(T=0.1560)
 new WorldTimeInfo....OK (5168)(T=0.1710)
New Managers...OK! (5168)(T=0.1710)
Start Init Managers... (5168)(T=0.1710)
g_TableInit.Init()...OK! (5168)(T=0.4370)
g_pServerManager->Init()...OK (5168)(T=0.4370)
g_pPlayerPool->Init()...OK (5168)(T=0.4370)
g_pPacketFactoryManager->Init()...OK (5168)(T=0.4370)
g_pOnlineUser->Init()...OK (5168)(T=0.4520)
g_pTeamList->Init()...OK (5168)(T=0.4520)
g_pChatCenter->Init()...OK (5168)(T=0.4520)
g_pGuildManager->Init()...OK (5168)(T=0.4520)
g_pCityManager->Init()...OK (5168)(T=0.4680)
g_pMailNodePool->Init()...OK (5168)(T=0.4680)
g_pUserNodePool->Init()...OK (5168)(T=0.4680)
g_pMailCenter->Init()...OK (5168)(T=0.4830)
g_pAllUser->Init()...OK (5168)(T=0.4990)
g_pSceneInfo->Init()...OK (5168)(T=0.4990)
g_pWorldTimeInfo.Init()...OK (5168)(T=0.4990)
Init Managers...OK! (5168)(T=0.4990)
Loop... (5168)(T=0.4990)
ServerManager::AcceptNewConnection(SOCKET:96)...OK (5168)(T=20.9200)
ServerManager::AcceptNewConnection(SOCKET:-1 Step:15)...OK (5168)(T=20.9200)
SendPacket! ID=726 (5168)(T=21.0130)
SSConnectHandler...ServerID=0 (5168)(T=21.0130)
GWAskUserDataHandler...User GUID=65290B6 not find! (5168)(T=130.6820)
SendPacket! ID=536 (5168)(T=130.6970)
GWAskUserDataHandler...Load GUID=65290B6 OK! (5168)(T=130.6970)
SendPacket! ID=684 (5168)(T=130.7910)
SendPacket! ID=667 (5168)(T=133.5680)
SendPacket! ID=605 (5168)(T=133.5680)
GWMailHandler...sName= dName=ÃÏ¡˙≤‚ ‘ (5168)(T=133.5680)
SendPacket! ID=605 (5168)(T=133.5830)
GWHeartBeatHandler...User GUID=65290B6 Status=3! (5168)(T=133.5830)
GWNotifyUserHandler...User Is Disconnect GUID=65290B6 Status=0 SP=0 DP=0 (5168)(T=144.9090)
GWNotifyUserHandler...User GUID=65290B6 Status=0 (5168)(T=144.9090)
GWNotifyUserHandler...User Is Remove GUID=65290B6 Status=1 SP=-1 DP=0 (5168)(T=164.8460)
GWNotifyUserHandler...User GUID=65290B6 Status=1 (5168)(T=164.8460)
SendPacket! ID=684 (5168)(T=165.8440)
SendPacket! ID=726 (5168)(T=300.6140)
GWAskUserDataHandler...User GUID=37A377CD not find! (5168)(T=386.8040)
SendPacket! ID=536 (5168)(T=399.0190)
GWAskUserDataHandler...Load GUID=37A377CD OK! (5168)(T=399.0190)
SendPacket! ID=684 (5168)(T=399.1280)
SendPacket! ID=667 (5168)(T=402.1240)
SendPacket! ID=605 (5168)(T=402.1240)
GWMailHandler...sName= dName=sword.hell (5168)(T=402.1240)
SendPacket! ID=605 (5168)(T=402.1240)
GWHeartBeatHandler...User GUID=37A377CD Status=3! (5168)(T=402.2330)
SendPacket! ID=602 (5168)(T=417.2400)
GWAskMailHandler...Name=sword.hell MailCount=1 LeftCount=0 (5168)(T=417.2400)
GWHeartBeatHandler...User GUID=37A377CD Status=3! (5168)(T=462.0900)
GWAskUserDataHandler...User GUID=65290B6 not find! (5168)(T=485.2100)
SendPacket! ID=536 (5168)(T=506.3010)
GWAskUserDataHandler...Load GUID=65290B6 OK! (5168)(T=506.3010)
SendPacket! ID=684 (5168)(T=506.4100)
SendPacket! ID=667 (5168)(T=508.9220)
SendPacket! ID=605 (5168)(T=508.9220)
GWMailHandler...sName= dName=ÃÏ¡˙≤‚ ‘ (5168)(T=508.9220)
SendPacket! ID=605 (5168)(T=508.9220)
GWHeartBeatHandler...User GUID=65290B6 Status=3! (5168)(T=509.1250)
GWHeartBeatHandler...User GUID=37A377CD Status=3! (5168)(T=522.2440)
GWLevelUpHandler...User GUID=65290B6 Level=100 (5168)(T=527.6580)
SendPacket! ID=538 (5168)(T=537.0180)
GWAskChangeSceneHandler...GUID=37A377CD,S=1,D=2! (5168)(T=537.0330)
SendPacket! ID=684 (5168)(T=537.1270)
GWHeartBeatHandler...User GUID=65290B6 Status=3! (5168)(T=568.8570)
GWHeartBeatHandler...User GUID=37A377CD Status=3! (5168)(T=582.0860)
SendPacket! ID=726 (5168)(T=600.6660)
SendPacket! ID=538 (5168)(T=601.0720)
GWAskChangeSceneHandler...GUID=37A377CD,S=2,D=1! (5168)(T=601.0720)
SendPacket! ID=684 (5168)(T=602.9750)
SendPacket! ID=602 (5168)(T=617.3110)
GWAskMailHandler...Name=ÃÏ¡˙≤‚ ‘ MailCount=1 LeftCount=1 (5168)(T=617.3110)
GWHeartBeatHandler...User GUID=65290B6 Status=3! (5168)(T=628.8400)
GWHeartBeatHandler...User GUID=37A377CD Status=3! (5168)(T=642.1780)
GWHeartBeatHandler...User GUID=65290B6 Status=3! (5168)(T=688.9000)
GWHeartBeatHandler...User GUID=37A377CD Status=3! (5168)(T=702.2230)
GWHeartBeatHandler...User GUID=65290B6 Status=3! (5168)(T=748.9140)
GWHeartBeatHandler...User GUID=37A377CD Status=3! (5168)(T=762.2210)
GWHeartBeatHandler...User GUID=65290B6 Status=3! (5168)(T=809.0050)
GWHeartBeatHandler...User GUID=37A377CD Status=3! (5168)(T=822.3280)
GWHeartBeatHandler...User GUID=65290B6 Status=3! (5168)(T=869.0190)
SendPacket! ID=602 (5168)(T=875.3370)
GWAskMailHandler...Name=ÃÏ¡˙≤‚ ‘ MailCount=1 LeftCount=0 (5168)(T=875.3370)
GWHeartBeatHandler...User GUID=37A377CD Status=3! (5168)(T=882.3410)
SendPacket! ID=726 (5168)(T=900.6870)
GWLevelUpHandler...User GUID=37A377CD Level=1 (5168)(T=904.1970)
GWLevelUpHandler...User GUID=37A377CD Level=30 (5168)(T=917.1300)
GWHeartBeatHandler...User GUID=65290B6 Status=3! (5168)(T=928.9390)
GWHeartBeatHandler...User GUID=37A377CD Status=3! (5168)(T=942.3240)
GWLevelUpHandler...User GUID=37A377CD Level=100 (5168)(T=951.8400)
GWHeartBeatHandler...User GUID=65290B6 Status=3! (5168)(T=989.0310)
GWHeartBeatHandler...User GUID=37A377CD Status=3! (5168)(T=1002.3370)
GWHeartBeatHandler...User GUID=65290B6 Status=3! (5168)(T=1049.0910)
GWHeartBeatHandler...User GUID=37A377CD Status=3! (5168)(T=1062.4290)
GWHeartBeatHandler...User GUID=65290B6 Status=3! (5168)(T=1109.0270)
GWHeartBeatHandler...User GUID=37A377CD Status=3! (5168)(T=1122.3490)
GWHeartBeatHandler...User GUID=65290B6 Status=3! (5168)(T=1169.1180)
GWHeartBeatHandler...User GUID=37A377CD Status=3! (5168)(T=1182.4560)
SendPacket! ID=726 (5168)(T=1200.7080)
GWHeartBeatHandler...User GUID=65290B6 Status=3! (5168)(T=1229.1320)
GWHeartBeatHandler...User GUID=37A377CD Status=3! (5168)(T=1242.4700)
GWHeartBeatHandler...User GUID=65290B6 Status=3! (5168)(T=1289.1760)
GWHeartBeatHandler...User GUID=37A377CD Status=3! (5168)(T=1302.4830)
GWLevelUpHandler...User GUID=37A377CD Level=100 (5168)(T=1305.3850)
GWLevelUpHandler...User GUID=37A377CD Level=100 (5168)(T=1315.2910)
GWHeartBeatHandler...User GUID=65290B6 Status=3! (5168)(T=1349.2520)
GWHeartBeatHandler...User GUID=37A377CD Status=3! (5168)(T=1362.5590)
GWHeartBeatHandler...User GUID=65290B6 Status=3! (5168)(T=1409.2190)
GWHeartBeatHandler...User GUID=37A377CD Status=3! (5168)(T=1422.4330)
GWHeartBeatHandler...User GUID=65290B6 Status=3! (5168)(T=1469.2170)
GWHeartBeatHandler...User GUID=37A377CD Status=3! (5168)(T=1482.5400)
SendPacket! ID=726 (5168)(T=1500.7610)
GWHeartBeatHandler...User GUID=65290B6 Status=3! (5168)(T=1529.3090)
GWHeartBeatHandler...User GUID=37A377CD Status=3! (5168)(T=1542.5220)
GWHeartBeatHandler...User GUID=65290B6 Status=3! (5168)(T=1589.2910)
GWHeartBeatHandler...User GUID=37A377CD Status=3! (5168)(T=1602.5980)
GWHeartBeatHandler...User GUID=65290B6 Status=3! (5168)(T=1649.3360)
GWHeartBeatHandler...User GUID=37A377CD Status=3! (5168)(T=1662.6430)
GWHeartBeatHandler...User GUID=65290B6 Status=3! (5168)(T=1709.3650)
GWHeartBeatHandler...User GUID=37A377CD Status=3! (5168)(T=1722.6720)
GWHeartBeatHandler...User GUID=65290B6 Status=3! (5168)(T=1769.3940)
GWHeartBeatHandler...User GUID=37A377CD Status=3! (5168)(T=1782.7010)
SendPacket! ID=726 (5168)(T=1800.8130)
SendPacket! ID=555 (5168)(T=1804.5100)
GWTeamInviteHandler...CreateTeam GUID=65290B6 TeamID=0 (5168)(T=1804.5100)
GWHeartBeatHandler...User GUID=65290B6 Status=3! (5168)(T=1829.4240)
GWHeartBeatHandler...User GUID=37A377CD Status=3! (5168)(T=1842.7300)
GWHeartBeatHandler...User GUID=65290B6 Status=3! (5168)(T=1889.4840)
GWHeartBeatHandler...User GUID=37A377CD Status=3! (5168)(T=1902.7130)
GWHeartBeatHandler...User GUID=65290B6 Status=3! (5168)(T=1949.4820)
GWHeartBeatHandler...User GUID=37A377CD Status=3! (5168)(T=1962.7580)
GWHeartBeatHandler...User GUID=65290B6 Status=3! (5168)(T=2009.4640)
GWHeartBeatHandler...User GUID=37A377CD Status=3! (5168)(T=2022.7710)
GWHeartBeatHandler...User GUID=65290B6 Status=3! (5168)(T=2069.5400)
GWHeartBeatHandler...User GUID=37A377CD Status=3! (5168)(T=2082.8320)
SendPacket! ID=726 (5168)(T=2100.8500)
GWHeartBeatHandler...User GUID=65290B6 Status=3! (5168)(T=2129.5540)
GWHeartBeatHandler...User GUID=37A377CD Status=3! (5168)(T=2142.7520)
GWHeartBeatHandler...User GUID=65290B6 Status=3! (5168)(T=2189.5520)
GWHeartBeatHandler...User GUID=37A377CD Status=3! (5168)(T=2202.8740)
GWHeartBeatHandler...User GUID=65290B6 Status=3! (5168)(T=2249.5810)
GWHeartBeatHandler...User GUID=37A377CD Status=3! (5168)(T=2262.8880)
GWHeartBeatHandler...User GUID=65290B6 Status=3! (5168)(T=2309.6100)
GWHeartBeatHandler...User GUID=37A377CD Status=3! (5168)(T=2322.9170)
GWNotifyUserHandler...User Is Disconnect GUID=65290B6 Status=0 SP=4 DP=4 (5168)(T=2334.3360)
GWNotifyUserHandler...User GUID=65290B6 Status=0 (5168)(T=2334.3360)
ServerManager::RemovePlayer(PID:0)...OK (5168)(T=2348.3450)
